<?xml version="1.0" encoding="UTF-8"?>
<!-- Generated by org.testng.reporters.JUnitXMLReporter -->
<testsuite ignored="0" hostname="LAPTOP-C2IN588P" failures="1" tests="1" name="Test" time="13.094" errors="0" timestamp="2023-10-24T19:20:33 PDT">
  <testcase classname="testNg2.testNg14" name="searchGoogle" time="5.646">
    <failure type="java.lang.AssertionError" message="expected [true] but found [false]">
      <![CDATA[java.lang.AssertionError: expected [true] but found [false]
at testNg2.testNg14.searchGoogle(testNg14.java:19)
at java.base/java.util.ArrayList.forEach(ArrayList.java:1511)
... Removed 31 stack frames]]>
    </failure>
  </testcase> <!-- searchGoogle -->
</testsuite> <!-- Test -->
